[debug] [2022-05-08T18:32:07.895Z] ----------------------------------------------------------------------
[debug] [2022-05-08T18:32:07.906Z] Command:       C:\Program Files\nodejs\node.exe C:\Users\User\AppData\Roaming\npm\node_modules\firebase-tools\lib\bin\firebase.js deploy
[debug] [2022-05-08T18:32:07.907Z] CLI Version:   10.8.0
[debug] [2022-05-08T18:32:07.907Z] Platform:      win32
[debug] [2022-05-08T18:32:07.907Z] Node Version:  v14.17.5
[debug] [2022-05-08T18:32:08.003Z] Time:          Sun May 08 2022 21:32:07 GMT+0300 (Moscow Standard Time)
[debug] [2022-05-08T18:32:08.003Z] ----------------------------------------------------------------------
[debug] 
[debug] [2022-05-08T18:32:08.208Z] > command requires scopes: ["email","openid","https://www.googleapis.com/auth/cloudplatformprojects.readonly","https://www.googleapis.com/auth/firebase","https://www.googleapis.com/auth/cloud-platform"]
[debug] [2022-05-08T18:32:08.208Z] > authorizing via signed-in user (nurulhuda40nh@gmail.com)
[debug] [2022-05-08T18:32:08.208Z] [iam] checking project warehouse-website-9eef9 for permissions ["firebase.projects.get","firebasehosting.sites.update"]
[debug] [2022-05-08T18:32:08.233Z] >>> [apiv2][query] POST https://cloudresourcemanager.googleapis.com/v1/projects/warehouse-website-9eef9:testIamPermissions [none]
[debug] [2022-05-08T18:32:08.233Z] >>> [apiv2][body] POST https://cloudresourcemanager.googleapis.com/v1/projects/warehouse-website-9eef9:testIamPermissions {"permissions":["firebase.projects.get","firebasehosting.sites.update"]}
[debug] [2022-05-08T18:32:14.039Z] <<< [apiv2][status] POST https://cloudresourcemanager.googleapis.com/v1/projects/warehouse-website-9eef9:testIamPermissions 401
[debug] [2022-05-08T18:32:14.040Z] <<< [apiv2][body] POST https://cloudresourcemanager.googleapis.com/v1/projects/warehouse-website-9eef9:testIamPermissions {"error":{"code":401,"message":"Request had invalid authentication credentials. Expected OAuth 2 access token, login cookie or other valid authentication credential. See https://developers.google.com/identity/sign-in/web/devconsole-project.","status":"UNAUTHENTICATED","details":[{"@type":"type.googleapis.com/google.rpc.ErrorInfo","reason":"ACCESS_TOKEN_TYPE_UNSUPPORTED","metadata":{"method":"google.cloudresourcemanager.v1.Projects.TestIamPermissions","service":"cloudresourcemanager.googleapis.com"}}]}}
[debug] [2022-05-08T18:32:14.041Z] [iam] error while checking permissions, command may fail: FirebaseError: HTTP Error: 401, Request had invalid authentication credentials. Expected OAuth 2 access token, login cookie or other valid authentication credential. See https://developers.google.com/identity/sign-in/web/devconsole-project.
[debug] [2022-05-08T18:32:14.042Z] >>> [apiv2][query] GET https://firebase.googleapis.com/v1beta1/projects/warehouse-website-9eef9 [none]
[debug] [2022-05-08T18:32:18.316Z] <<< [apiv2][status] GET https://firebase.googleapis.com/v1beta1/projects/warehouse-website-9eef9 401
[debug] [2022-05-08T18:32:18.316Z] <<< [apiv2][body] GET https://firebase.googleapis.com/v1beta1/projects/warehouse-website-9eef9 {"error":{"code":401,"message":"Request had invalid authentication credentials. Expected OAuth 2 access token, login cookie or other valid authentication credential. See https://developers.google.com/identity/sign-in/web/devconsole-project.","status":"UNAUTHENTICATED"}}
[debug] [2022-05-08T18:32:18.316Z] HTTP Error: 401, Request had invalid authentication credentials. Expected OAuth 2 access token, login cookie or other valid authentication credential. See https://developers.google.com/identity/sign-in/web/devconsole-project.
[debug] [2022-05-08T18:32:21.724Z] FirebaseError: HTTP Error: 401, Request had invalid authentication credentials. Expected OAuth 2 access token, login cookie or other valid authentication credential. See https://developers.google.com/identity/sign-in/web/devconsole-project.
    at module.exports (C:\Users\User\AppData\Roaming\npm\node_modules\firebase-tools\lib\responseToError.js:47:12)
    at RetryOperation._fn (C:\Users\User\AppData\Roaming\npm\node_modules\firebase-tools\lib\apiv2.js:286:39)
    at processTicksAndRejections (internal/process/task_queues.js:95:5)
[error] 
[error] Error: Failed to get Firebase project warehouse-website-9eef9. Please make sure the project exists and your account has permission to access it.
